[2025-07-19 11:21:26,432: INFO: common: yaml file: ../config/config.yaml loaded successfully]
[2025-07-19 11:21:26,434: INFO: common: yaml file: ../params.yaml loaded successfully]
[2025-07-19 11:21:56,288: INFO: common: yaml file: ../config/config.yaml loaded successfully]
[2025-07-19 11:21:56,290: INFO: common: yaml file: ../params.yaml loaded successfully]
[2025-07-19 11:22:58,378: INFO: common: yaml file: ../config/config.yaml loaded successfully]
[2025-07-19 11:22:58,381: INFO: common: yaml file: ../params.yaml loaded successfully]
[2025-07-19 11:22:58,382: INFO: common: yaml file: ../schema.yaml loaded successfully]
[2025-07-19 11:24:21,719: INFO: common: yaml file: ../config/config.yaml loaded successfully]
[2025-07-19 11:24:21,721: INFO: common: yaml file: ../params.yaml loaded successfully]
[2025-07-19 11:24:21,722: INFO: common: yaml file: ../schema.yaml loaded successfully]
[2025-07-19 11:24:21,723: INFO: common: Created directory at: artifacts]
[2025-07-19 11:24:53,155: INFO: common: yaml file: ../config/config.yaml loaded successfully]
[2025-07-19 11:24:53,156: INFO: common: yaml file: ../params.yaml loaded successfully]
[2025-07-19 11:24:53,157: INFO: common: yaml file: ../schema.yaml loaded successfully]
[2025-07-19 11:24:53,157: INFO: common: Created directory at: artifacts]
[2025-07-19 11:25:33,639: INFO: common: yaml file: ../config/config.yaml loaded successfully]
[2025-07-19 11:25:33,641: INFO: common: yaml file: ../params.yaml loaded successfully]
[2025-07-19 11:25:33,642: INFO: common: yaml file: ../schema.yaml loaded successfully]
[2025-07-19 11:25:33,643: INFO: common: Created directory at: artifacts]
[2025-07-19 11:25:33,643: INFO: common: Created directory at: artifacts/data_ingestion]
[2025-07-19 11:27:39,087: INFO: common: yaml file: ../config/config.yaml loaded successfully]
[2025-07-19 11:27:39,089: INFO: common: yaml file: ../params.yaml loaded successfully]
[2025-07-19 11:27:39,090: INFO: common: yaml file: ../schema.yaml loaded successfully]
[2025-07-19 11:27:39,091: INFO: common: Created directory at: artifacts]
[2025-07-19 11:27:39,091: INFO: common: Created directory at: artifacts/data_ingestion]
[2025-07-19 11:27:39,762: INFO: 2495662148: artifacts/data_ingestion/data.zip downloaded with info: 
Connection: close
Content-Length: 23329
Cache-Control: max-age=300
Content-Security-Policy: default-src 'none'; style-src 'unsafe-inline'; sandbox
Content-Type: application/zip
ETag: "c69888a4ae59bc5a893392785a938ccd4937981c06ba8a9d6a21aa52b4ab5b6e"
Strict-Transport-Security: max-age=31536000
X-Content-Type-Options: nosniff
X-Frame-Options: deny
X-XSS-Protection: 1; mode=block
X-GitHub-Request-Id: F97C:36AB51:91D55C:A8ACD9:687B7319
Accept-Ranges: bytes
Date: Sat, 19 Jul 2025 10:27:39 GMT
Via: 1.1 varnish
X-Served-By: cache-lis1490040-LIS
X-Cache: MISS
X-Cache-Hits: 0
X-Timer: S1752920860.570109,VS0,VE209
Vary: Authorization,Accept-Encoding
Access-Control-Allow-Origin: *
Cross-Origin-Resource-Policy: cross-origin
X-Fastly-Request-ID: f644397a81d6c527aaa6ca9f49937bb57ba94422
Expires: Sat, 19 Jul 2025 10:32:39 GMT
Source-Age: 0

]
[2025-07-26 16:55:29,999: INFO: main: Starting data ingestion pipeline Data Ingestion Stage]
[2025-07-26 16:55:29,999: ERROR: main: [Errno 2] No such file or directory: '../config/config.yaml']
Traceback (most recent call last):
  File "/Users/deryliankhalfani/Documents/Self_Learn/Udemy/MLOps Bootcamp/MLOPSBOOTCAMP_PROJECT/datascienceproject/main.py", line 10, in <module>
    obj.initiate_data_ingestion()
  File "/Users/deryliankhalfani/Documents/Self_Learn/Udemy/MLOps Bootcamp/MLOPSBOOTCAMP_PROJECT/datascienceproject/src/datascience/pipeline/data_ingestion_pipeline.py", line 12, in initiate_data_ingestion
    config=ConfigurationManager()
  File "/Users/deryliankhalfani/Documents/Self_Learn/Udemy/MLOps Bootcamp/MLOPSBOOTCAMP_PROJECT/datascienceproject/src/datascience/config/configuration.py", line 9, in __init__
    self.config= read_yaml(config_filepath)
  File "/opt/anaconda3/envs/mlops/lib/python3.10/site-packages/ensure/main.py", line 872, in __call__
    return_val = self.f(*args, **kwargs)
  File "/Users/deryliankhalfani/Documents/Self_Learn/Udemy/MLOps Bootcamp/MLOPSBOOTCAMP_PROJECT/datascienceproject/src/datascience/utils/common.py", line 33, in read_yaml
    raise e
  File "/Users/deryliankhalfani/Documents/Self_Learn/Udemy/MLOps Bootcamp/MLOPSBOOTCAMP_PROJECT/datascienceproject/src/datascience/utils/common.py", line 26, in read_yaml
    with open(path_to_yaml) as yaml_file:
FileNotFoundError: [Errno 2] No such file or directory: '../config/config.yaml'
[2025-07-26 16:57:26,993: INFO: main: Starting data ingestion pipeline Data Ingestion Stage]
[2025-07-26 16:57:26,993: ERROR: main: [Errno 2] No such file or directory: '../config.yaml']
Traceback (most recent call last):
  File "/Users/deryliankhalfani/Documents/Self_Learn/Udemy/MLOps Bootcamp/MLOPSBOOTCAMP_PROJECT/datascienceproject/main.py", line 10, in <module>
    obj.initiate_data_ingestion()
  File "/Users/deryliankhalfani/Documents/Self_Learn/Udemy/MLOps Bootcamp/MLOPSBOOTCAMP_PROJECT/datascienceproject/src/datascience/pipeline/data_ingestion_pipeline.py", line 12, in initiate_data_ingestion
    config=ConfigurationManager()
  File "/Users/deryliankhalfani/Documents/Self_Learn/Udemy/MLOps Bootcamp/MLOPSBOOTCAMP_PROJECT/datascienceproject/src/datascience/config/configuration.py", line 9, in __init__
    self.config= read_yaml(config_filepath)
  File "/opt/anaconda3/envs/mlops/lib/python3.10/site-packages/ensure/main.py", line 872, in __call__
    return_val = self.f(*args, **kwargs)
  File "/Users/deryliankhalfani/Documents/Self_Learn/Udemy/MLOps Bootcamp/MLOPSBOOTCAMP_PROJECT/datascienceproject/src/datascience/utils/common.py", line 33, in read_yaml
    raise e
  File "/Users/deryliankhalfani/Documents/Self_Learn/Udemy/MLOps Bootcamp/MLOPSBOOTCAMP_PROJECT/datascienceproject/src/datascience/utils/common.py", line 26, in read_yaml
    with open(path_to_yaml) as yaml_file:
FileNotFoundError: [Errno 2] No such file or directory: '../config.yaml'
[2025-07-26 16:58:41,970: INFO: main: Starting data ingestion pipeline Data Ingestion Stage]
[2025-07-26 16:58:41,971: ERROR: main: [Errno 2] No such file or directory: '../config/config.yaml']
Traceback (most recent call last):
  File "/Users/deryliankhalfani/Documents/Self_Learn/Udemy/MLOps Bootcamp/MLOPSBOOTCAMP_PROJECT/datascienceproject/main.py", line 10, in <module>
    obj.initiate_data_ingestion()
  File "/Users/deryliankhalfani/Documents/Self_Learn/Udemy/MLOps Bootcamp/MLOPSBOOTCAMP_PROJECT/datascienceproject/src/datascience/pipeline/data_ingestion_pipeline.py", line 12, in initiate_data_ingestion
    config=ConfigurationManager()
  File "/Users/deryliankhalfani/Documents/Self_Learn/Udemy/MLOps Bootcamp/MLOPSBOOTCAMP_PROJECT/datascienceproject/src/datascience/config/configuration.py", line 9, in __init__
    self.config= read_yaml(config_filepath)
  File "/opt/anaconda3/envs/mlops/lib/python3.10/site-packages/ensure/main.py", line 872, in __call__
    return_val = self.f(*args, **kwargs)
  File "/Users/deryliankhalfani/Documents/Self_Learn/Udemy/MLOps Bootcamp/MLOPSBOOTCAMP_PROJECT/datascienceproject/src/datascience/utils/common.py", line 33, in read_yaml
    raise e
  File "/Users/deryliankhalfani/Documents/Self_Learn/Udemy/MLOps Bootcamp/MLOPSBOOTCAMP_PROJECT/datascienceproject/src/datascience/utils/common.py", line 26, in read_yaml
    with open(path_to_yaml) as yaml_file:
FileNotFoundError: [Errno 2] No such file or directory: '../config/config.yaml'
[2025-07-26 17:00:56,528: INFO: main: Starting data ingestion pipeline Data Ingestion Stage]
[2025-07-26 17:00:56,528: ERROR: main: [Errno 2] No such file or directory: '/Users/deryliankhalfani/Documents/Self_Learn/Udemy/MLOps Bootcamp/MLOPSBOOTCAMP_PROJECT/datascienceproject/datascienceproject/config/config.yaml']
Traceback (most recent call last):
  File "/Users/deryliankhalfani/Documents/Self_Learn/Udemy/MLOps Bootcamp/MLOPSBOOTCAMP_PROJECT/datascienceproject/main.py", line 10, in <module>
    obj.initiate_data_ingestion()
  File "/Users/deryliankhalfani/Documents/Self_Learn/Udemy/MLOps Bootcamp/MLOPSBOOTCAMP_PROJECT/datascienceproject/src/datascience/pipeline/data_ingestion_pipeline.py", line 12, in initiate_data_ingestion
    config=ConfigurationManager()
  File "/Users/deryliankhalfani/Documents/Self_Learn/Udemy/MLOps Bootcamp/MLOPSBOOTCAMP_PROJECT/datascienceproject/src/datascience/config/configuration.py", line 9, in __init__
    self.config= read_yaml(config_filepath)
  File "/opt/anaconda3/envs/mlops/lib/python3.10/site-packages/ensure/main.py", line 872, in __call__
    return_val = self.f(*args, **kwargs)
  File "/Users/deryliankhalfani/Documents/Self_Learn/Udemy/MLOps Bootcamp/MLOPSBOOTCAMP_PROJECT/datascienceproject/src/datascience/utils/common.py", line 33, in read_yaml
    raise e
  File "/Users/deryliankhalfani/Documents/Self_Learn/Udemy/MLOps Bootcamp/MLOPSBOOTCAMP_PROJECT/datascienceproject/src/datascience/utils/common.py", line 26, in read_yaml
    with open(path_to_yaml) as yaml_file:
FileNotFoundError: [Errno 2] No such file or directory: '/Users/deryliankhalfani/Documents/Self_Learn/Udemy/MLOps Bootcamp/MLOPSBOOTCAMP_PROJECT/datascienceproject/datascienceproject/config/config.yaml'
[2025-07-26 17:01:35,892: INFO: main: Starting data ingestion pipeline Data Ingestion Stage]
[2025-07-26 17:01:35,893: INFO: common: yaml file: /Users/deryliankhalfani/Documents/Self_Learn/Udemy/MLOps Bootcamp/MLOPSBOOTCAMP_PROJECT/datascienceproject/config/config.yaml loaded successfully]
[2025-07-26 17:01:35,895: INFO: common: yaml file: /Users/deryliankhalfani/Documents/Self_Learn/Udemy/MLOps Bootcamp/MLOPSBOOTCAMP_PROJECT/datascienceproject/params.yaml loaded successfully]
[2025-07-26 17:01:35,895: INFO: common: yaml file: /Users/deryliankhalfani/Documents/Self_Learn/Udemy/MLOps Bootcamp/MLOPSBOOTCAMP_PROJECT/datascienceproject/schema.yaml loaded successfully]
[2025-07-26 17:01:35,895: INFO: common: Created directory at: artifacts]
[2025-07-26 17:01:35,896: INFO: common: Created directory at: artifacts/data_ingestion]
[2025-07-26 17:01:37,619: INFO: data_ingestion: artifacts/data_ingestion/data.zip downloaded with info: 
Connection: close
Content-Length: 23329
Cache-Control: max-age=300
Content-Security-Policy: default-src 'none'; style-src 'unsafe-inline'; sandbox
Content-Type: application/zip
ETag: "c69888a4ae59bc5a893392785a938ccd4937981c06ba8a9d6a21aa52b4ab5b6e"
Strict-Transport-Security: max-age=31536000
X-Content-Type-Options: nosniff
X-Frame-Options: deny
X-XSS-Protection: 1; mode=block
X-GitHub-Request-Id: F0EF:F26E3:5A2977:6A608A:6884A780
Accept-Ranges: bytes
Date: Sat, 26 Jul 2025 10:01:37 GMT
Via: 1.1 varnish
X-Served-By: cache-sin-wsss1830062-SIN
X-Cache: MISS
X-Cache-Hits: 0
X-Timer: S1753524097.214547,VS0,VE400
Vary: Authorization,Accept-Encoding
Access-Control-Allow-Origin: *
Cross-Origin-Resource-Policy: cross-origin
X-Fastly-Request-ID: 534350a883c3dd263f94bfd36ec448491cd1f692
Expires: Sat, 26 Jul 2025 10:06:37 GMT
Source-Age: 0

]
[2025-07-26 17:01:37,623: INFO: main: Data Ingestion Stage data ingestion pipeline COMPLETED]
[2025-07-27 23:20:37,634: INFO: common: yaml file: /Users/deryliankhalfani/Documents/Self_Learn/Udemy/MLOps Bootcamp/MLOPSBOOTCAMP_PROJECT/datascienceproject/config/config.yaml loaded successfully]
[2025-07-27 23:20:37,637: INFO: common: yaml file: /Users/deryliankhalfani/Documents/Self_Learn/Udemy/MLOps Bootcamp/MLOPSBOOTCAMP_PROJECT/datascienceproject/params.yaml loaded successfully]
[2025-07-27 23:20:37,640: INFO: common: yaml file: /Users/deryliankhalfani/Documents/Self_Learn/Udemy/MLOps Bootcamp/MLOPSBOOTCAMP_PROJECT/datascienceproject/schema.yaml loaded successfully]
[2025-07-27 23:20:37,641: INFO: common: Created directory at: artifacts]
[2025-07-27 23:20:37,642: INFO: common: Created directory at: artifacts/data_validation]
[2025-07-27 23:23:06,571: INFO: common: yaml file: /Users/deryliankhalfani/Documents/Self_Learn/Udemy/MLOps Bootcamp/MLOPSBOOTCAMP_PROJECT/datascienceproject/config/config.yaml loaded successfully]
[2025-07-27 23:23:06,575: INFO: common: yaml file: /Users/deryliankhalfani/Documents/Self_Learn/Udemy/MLOps Bootcamp/MLOPSBOOTCAMP_PROJECT/datascienceproject/params.yaml loaded successfully]
[2025-07-27 23:23:06,577: INFO: common: yaml file: /Users/deryliankhalfani/Documents/Self_Learn/Udemy/MLOps Bootcamp/MLOPSBOOTCAMP_PROJECT/datascienceproject/schema.yaml loaded successfully]
[2025-07-27 23:23:06,579: INFO: common: Created directory at: artifacts]
[2025-07-27 23:24:39,526: INFO: common: yaml file: /Users/deryliankhalfani/Documents/Self_Learn/Udemy/MLOps Bootcamp/MLOPSBOOTCAMP_PROJECT/datascienceproject/config/config.yaml loaded successfully]
[2025-07-27 23:24:39,531: INFO: common: yaml file: /Users/deryliankhalfani/Documents/Self_Learn/Udemy/MLOps Bootcamp/MLOPSBOOTCAMP_PROJECT/datascienceproject/params.yaml loaded successfully]
[2025-07-27 23:24:39,532: INFO: common: yaml file: /Users/deryliankhalfani/Documents/Self_Learn/Udemy/MLOps Bootcamp/MLOPSBOOTCAMP_PROJECT/datascienceproject/schema.yaml loaded successfully]
[2025-07-27 23:24:39,534: INFO: common: Created directory at: artifacts]
[2025-07-27 23:24:39,534: INFO: common: Created directory at: artifacts/data_validation]
[2025-07-27 23:36:01,601: INFO: main: Starting data ingestion pipeline Data Ingestion Stage]
[2025-07-27 23:36:01,602: INFO: common: yaml file: /Users/deryliankhalfani/Documents/Self_Learn/Udemy/MLOps Bootcamp/MLOPSBOOTCAMP_PROJECT/datascienceproject/config/config.yaml loaded successfully]
[2025-07-27 23:36:01,603: INFO: common: yaml file: /Users/deryliankhalfani/Documents/Self_Learn/Udemy/MLOps Bootcamp/MLOPSBOOTCAMP_PROJECT/datascienceproject/params.yaml loaded successfully]
[2025-07-27 23:36:01,604: INFO: common: yaml file: /Users/deryliankhalfani/Documents/Self_Learn/Udemy/MLOps Bootcamp/MLOPSBOOTCAMP_PROJECT/datascienceproject/schema.yaml loaded successfully]
[2025-07-27 23:36:01,604: INFO: common: Created directory at: artifacts]
[2025-07-27 23:36:01,604: INFO: common: Created directory at: artifacts/data_ingestion]
[2025-07-27 23:36:01,604: INFO: data_ingestion: File exists:]
[2025-07-27 23:36:01,606: INFO: main: Data Ingestion Stage data ingestion pipeline COMPLETED]
[2025-07-27 23:36:01,606: INFO: main: Starting Data Validation stage]
[2025-07-27 23:36:01,607: INFO: common: yaml file: /Users/deryliankhalfani/Documents/Self_Learn/Udemy/MLOps Bootcamp/MLOPSBOOTCAMP_PROJECT/datascienceproject/config/config.yaml loaded successfully]
[2025-07-27 23:36:01,607: INFO: common: yaml file: /Users/deryliankhalfani/Documents/Self_Learn/Udemy/MLOps Bootcamp/MLOPSBOOTCAMP_PROJECT/datascienceproject/params.yaml loaded successfully]
[2025-07-27 23:36:01,608: INFO: common: yaml file: /Users/deryliankhalfani/Documents/Self_Learn/Udemy/MLOps Bootcamp/MLOPSBOOTCAMP_PROJECT/datascienceproject/schema.yaml loaded successfully]
[2025-07-27 23:36:01,608: INFO: common: Created directory at: artifacts]
[2025-07-27 23:36:01,608: INFO: common: Created directory at: artifacts/data_validation]
[2025-07-27 23:36:01,614: INFO: main: Data Validation stage  COMPLETED]
